<?xml version="1.0" encoding="UTF-8" standalone="yes"?><!DOCTYPE report PUBLIC "-//JACOCO//DTD Report 1.1//EN" "report.dtd"><report name="LDAPUnit"><sessioninfo id="Brians-MacBook-Pro.local-59e6d10c" start="1753369372626" dump="1753369403763"/><package name="com/buralotech/oss/ldapunit"><class name="com/buralotech/oss/ldapunit/DirectoryTester" sourcefilename="DirectoryTester.java"><method name="&lt;init&gt;" desc="(Lcom/unboundid/ldap/sdk/LDAPConnection;)V" line="59"><counter type="INSTRUCTION" missed="0" covered="6"/><counter type="LINE" missed="0" covered="3"/><counter type="COMPLEXITY" missed="0" covered="1"/><counter type="METHOD" missed="0" covered="1"/></method><method name="&lt;init&gt;" desc="()V" line="70"><counter type="INSTRUCTION" missed="0" covered="5"/><counter type="LINE" missed="0" covered="2"/><counter type="COMPLEXITY" missed="0" covered="1"/><counter type="METHOD" missed="0" covered="1"/></method><method name="&lt;init&gt;" desc="(Ljava/lang/String;I)V" line="82"><counter type="INSTRUCTION" missed="0" covered="7"/><counter type="LINE" missed="0" covered="2"/><counter type="COMPLEXITY" missed="0" covered="1"/><counter type="METHOD" missed="0" covered="1"/></method><method name="&lt;init&gt;" desc="(Ljava/lang/String;III)V" line="101"><counter type="INSTRUCTION" missed="7" covered="51"/><counter type="BRANCH" missed="1" covered="3"/><counter type="LINE" missed="2" covered="16"/><counter type="COMPLEXITY" missed="1" covered="2"/><counter type="METHOD" missed="0" covered="1"/></method><method name="&lt;init&gt;" desc="(Ljava/lang/String;ILjava/lang/String;Ljava/lang/String;)V" line="141"><counter type="INSTRUCTION" missed="0" covered="9"/><counter type="LINE" missed="0" covered="2"/><counter type="COMPLEXITY" missed="0" covered="1"/><counter type="METHOD" missed="0" covered="1"/></method><method name="&lt;init&gt;" desc="(Ljava/lang/String;ILjava/lang/String;Ljava/lang/String;II)V" line="164"><counter type="INSTRUCTION" missed="7" covered="14"/><counter type="LINE" missed="2" covered="4"/><counter type="COMPLEXITY" missed="0" covered="1"/><counter type="METHOD" missed="0" covered="1"/></method><method name="verifyDNExists" desc="(Ljava/lang/String;)Z" line="180"><counter type="INSTRUCTION" missed="0" covered="18"/><counter type="BRANCH" missed="0" covered="2"/><counter type="LINE" missed="0" covered="4"/><counter type="COMPLEXITY" missed="0" covered="2"/><counter type="METHOD" missed="0" covered="1"/></method><method name="verifyDNIsA" desc="(Ljava/lang/String;Ljava/lang/String;)Z" line="198"><counter type="INSTRUCTION" missed="7" covered="28"/><counter type="BRANCH" missed="1" covered="5"/><counter type="LINE" missed="2" covered="4"/><counter type="COMPLEXITY" missed="1" covered="3"/><counter type="METHOD" missed="0" covered="1"/></method><method name="verifyDNHasAttribute" desc="(Ljava/lang/String;Ljava/lang/String;)Z" line="218"><counter type="INSTRUCTION" missed="7" covered="21"/><counter type="BRANCH" missed="0" covered="4"/><counter type="LINE" missed="2" covered="2"/><counter type="COMPLEXITY" missed="0" covered="3"/><counter type="METHOD" missed="0" covered="1"/></method><method name="verifyDNHasAttributeValue" desc="(Ljava/lang/String;Ljava/lang/String;[Ljava/lang/String;)Z" line="239"><counter type="INSTRUCTION" missed="7" covered="47"/><counter type="BRANCH" missed="2" covered="6"/><counter type="LINE" missed="2" covered="10"/><counter type="COMPLEXITY" missed="2" covered="3"/><counter type="METHOD" missed="0" covered="1"/></method><method name="assertDNExists" desc="(Ljava/lang/String;)V" line="262"><counter type="INSTRUCTION" missed="0" covered="23"/><counter type="BRANCH" missed="0" covered="2"/><counter type="LINE" missed="0" covered="6"/><counter type="COMPLEXITY" missed="0" covered="2"/><counter type="METHOD" missed="0" covered="1"/></method><method name="assertDNIsA" desc="(Ljava/lang/String;Ljava/lang/String;)V" line="278"><counter type="INSTRUCTION" missed="0" covered="28"/><counter type="BRANCH" missed="0" covered="2"/><counter type="LINE" missed="0" covered="7"/><counter type="COMPLEXITY" missed="0" covered="2"/><counter type="METHOD" missed="0" covered="1"/></method><method name="assertDNHasAttribute" desc="(Ljava/lang/String;Ljava/lang/String;)V" line="295"><counter type="INSTRUCTION" missed="0" covered="28"/><counter type="BRANCH" missed="0" covered="2"/><counter type="LINE" missed="0" covered="7"/><counter type="COMPLEXITY" missed="0" covered="2"/><counter type="METHOD" missed="0" covered="1"/></method><method name="assertDNHasAttributeValue" desc="(Ljava/lang/String;Ljava/lang/String;[Ljava/lang/String;)V" line="315"><counter type="INSTRUCTION" missed="0" covered="39"/><counter type="BRANCH" missed="0" covered="2"/><counter type="LINE" missed="0" covered="9"/><counter type="COMPLEXITY" missed="0" covered="2"/><counter type="METHOD" missed="0" covered="1"/></method><method name="disconnect" desc="()V" line="330"><counter type="INSTRUCTION" missed="0" covered="4"/><counter type="LINE" missed="0" covered="2"/><counter type="COMPLEXITY" missed="0" covered="1"/><counter type="METHOD" missed="0" covered="1"/></method><method name="close" desc="()V" line="339"><counter type="INSTRUCTION" missed="0" covered="3"/><counter type="LINE" missed="0" covered="2"/><counter type="COMPLEXITY" missed="0" covered="1"/><counter type="METHOD" missed="0" covered="1"/></method><method name="arrayContains" desc="([Ljava/lang/String;Ljava/lang/String;)Z" line="351"><counter type="INSTRUCTION" missed="0" covered="24"/><counter type="BRANCH" missed="0" covered="4"/><counter type="LINE" missed="0" covered="4"/><counter type="COMPLEXITY" missed="0" covered="3"/><counter type="METHOD" missed="0" covered="1"/></method><method name="arrayToString" desc="([Ljava/lang/String;)Ljava/lang/String;" line="366"><counter type="INSTRUCTION" missed="12" covered="27"/><counter type="BRANCH" missed="2" covered="2"/><counter type="LINE" missed="2" covered="6"/><counter type="COMPLEXITY" missed="2" covered="1"/><counter type="METHOD" missed="0" covered="1"/></method><counter type="INSTRUCTION" missed="47" covered="382"/><counter type="BRANCH" missed="6" covered="34"/><counter type="LINE" missed="12" covered="92"/><counter type="COMPLEXITY" missed="6" covered="32"/><counter type="METHOD" missed="0" covered="18"/><counter type="CLASS" missed="0" covered="1"/></class><class name="com/buralotech/oss/ldapunit/DirectoryServerConfiguration" sourcefilename="DirectoryServerConfiguration.java"/><class name="com/buralotech/oss/ldapunit/DirectoryServerExtension" sourcefilename="DirectoryServerExtension.java"><method name="&lt;init&gt;" desc="()V" line="40"><counter type="INSTRUCTION" missed="0" covered="3"/><counter type="LINE" missed="0" covered="1"/><counter type="COMPLEXITY" missed="0" covered="1"/><counter type="METHOD" missed="0" covered="1"/></method><method name="beforeTestExecution" desc="(Lorg/junit/jupiter/api/extension/ExtensionContext;)V" line="56"><counter type="INSTRUCTION" missed="7" covered="17"/><counter type="BRANCH" missed="1" covered="1"/><counter type="LINE" missed="2" covered="6"/><counter type="COMPLEXITY" missed="1" covered="1"/><counter type="METHOD" missed="0" covered="1"/></method><method name="afterTestExecution" desc="(Lorg/junit/jupiter/api/extension/ExtensionContext;)V" line="75"><counter type="INSTRUCTION" missed="0" covered="15"/><counter type="BRANCH" missed="1" covered="1"/><counter type="LINE" missed="0" covered="5"/><counter type="COMPLEXITY" missed="1" covered="1"/><counter type="METHOD" missed="0" covered="1"/></method><method name="getStore" desc="(Lorg/junit/jupiter/api/extension/ExtensionContext;)Lorg/junit/jupiter/api/extension/ExtensionContext$Store;" line="89"><counter type="INSTRUCTION" missed="0" covered="17"/><counter type="LINE" missed="0" covered="3"/><counter type="COMPLEXITY" missed="0" covered="1"/><counter type="METHOD" missed="0" covered="1"/></method><method name="getAnnotation" desc="(Lorg/junit/jupiter/api/extension/ExtensionContext;)Lcom/buralotech/oss/ldapunit/DirectoryServerConfiguration;" line="103"><counter type="INSTRUCTION" missed="0" covered="16"/><counter type="BRANCH" missed="0" covered="2"/><counter type="LINE" missed="0" covered="5"/><counter type="COMPLEXITY" missed="0" covered="2"/><counter type="METHOD" missed="0" covered="1"/></method><method name="supportsParameter" desc="(Lorg/junit/jupiter/api/extension/ParameterContext;Lorg/junit/jupiter/api/extension/ExtensionContext;)Z" line="124"><counter type="INSTRUCTION" missed="0" covered="6"/><counter type="LINE" missed="0" covered="1"/><counter type="COMPLEXITY" missed="0" covered="1"/><counter type="METHOD" missed="0" covered="1"/></method><method name="resolveParameter" desc="(Lorg/junit/jupiter/api/extension/ParameterContext;Lorg/junit/jupiter/api/extension/ExtensionContext;)Ljava/lang/Object;" line="140"><counter type="INSTRUCTION" missed="9" covered="16"/><counter type="BRANCH" missed="1" covered="1"/><counter type="LINE" missed="3" covered="3"/><counter type="COMPLEXITY" missed="1" covered="1"/><counter type="METHOD" missed="0" covered="1"/></method><counter type="INSTRUCTION" missed="16" covered="90"/><counter type="BRANCH" missed="3" covered="5"/><counter type="LINE" missed="5" covered="24"/><counter type="COMPLEXITY" missed="3" covered="8"/><counter type="METHOD" missed="0" covered="7"/><counter type="CLASS" missed="0" covered="1"/></class><class name="com/buralotech/oss/ldapunit/DirectoryServerRule" sourcefilename="DirectoryServerRule.java"><method name="&lt;init&gt;" desc="()V" line="31"><counter type="INSTRUCTION" missed="0" covered="3"/><counter type="LINE" missed="0" covered="1"/><counter type="COMPLEXITY" missed="0" covered="1"/><counter type="METHOD" missed="0" covered="1"/></method><method name="apply" desc="(Lorg/junit/runners/model/Statement;Lorg/junit/runner/Description;)Lorg/junit/runners/model/Statement;" line="50"><counter type="INSTRUCTION" missed="0" covered="30"/><counter type="BRANCH" missed="0" covered="4"/><counter type="LINE" missed="0" covered="7"/><counter type="COMPLEXITY" missed="0" covered="3"/><counter type="METHOD" missed="0" covered="1"/></method><method name="verifyDNExists" desc="(Ljava/lang/String;)Z" line="69"><counter type="INSTRUCTION" missed="0" covered="11"/><counter type="LINE" missed="0" covered="2"/><counter type="COMPLEXITY" missed="0" covered="1"/><counter type="METHOD" missed="0" covered="1"/></method><method name="verifyDNIsA" desc="(Ljava/lang/String;Ljava/lang/String;)Z" line="85"><counter type="INSTRUCTION" missed="0" covered="12"/><counter type="LINE" missed="0" covered="2"/><counter type="COMPLEXITY" missed="0" covered="1"/><counter type="METHOD" missed="0" covered="1"/></method><method name="verifyDNHasAttribute" desc="(Ljava/lang/String;Ljava/lang/String;)Z" line="101"><counter type="INSTRUCTION" missed="0" covered="12"/><counter type="LINE" missed="0" covered="2"/><counter type="COMPLEXITY" missed="0" covered="1"/><counter type="METHOD" missed="0" covered="1"/></method><method name="verifyDNHasAttributeValue" desc="(Ljava/lang/String;Ljava/lang/String;[Ljava/lang/String;)Z" line="120"><counter type="INSTRUCTION" missed="0" covered="13"/><counter type="LINE" missed="0" covered="2"/><counter type="COMPLEXITY" missed="0" covered="1"/><counter type="METHOD" missed="0" covered="1"/></method><method name="assertDNExists" desc="(Ljava/lang/String;)V" line="132"><counter type="INSTRUCTION" missed="0" covered="9"/><counter type="LINE" missed="0" covered="3"/><counter type="COMPLEXITY" missed="0" covered="1"/><counter type="METHOD" missed="0" covered="1"/></method><method name="assertDNIsA" desc="(Ljava/lang/String;Ljava/lang/String;)V" line="146"><counter type="INSTRUCTION" missed="0" covered="10"/><counter type="LINE" missed="0" covered="3"/><counter type="COMPLEXITY" missed="0" covered="1"/><counter type="METHOD" missed="0" covered="1"/></method><method name="assertDNHasAttribute" desc="(Ljava/lang/String;Ljava/lang/String;)V" line="160"><counter type="INSTRUCTION" missed="0" covered="10"/><counter type="LINE" missed="0" covered="3"/><counter type="COMPLEXITY" missed="0" covered="1"/><counter type="METHOD" missed="0" covered="1"/></method><method name="assertDNHasAttributeValue" desc="(Ljava/lang/String;Ljava/lang/String;[Ljava/lang/String;)V" line="177"><counter type="INSTRUCTION" missed="0" covered="11"/><counter type="LINE" missed="0" covered="3"/><counter type="COMPLEXITY" missed="0" covered="1"/><counter type="METHOD" missed="0" covered="1"/></method><method name="getDirectoryTester" desc="()Lcom/buralotech/oss/ldapunit/DirectoryTester;" line="189"><counter type="INSTRUCTION" missed="0" covered="14"/><counter type="LINE" missed="0" covered="2"/><counter type="COMPLEXITY" missed="0" covered="1"/><counter type="METHOD" missed="0" covered="1"/></method><counter type="INSTRUCTION" missed="0" covered="135"/><counter type="BRANCH" missed="0" covered="4"/><counter type="LINE" missed="0" covered="30"/><counter type="COMPLEXITY" missed="0" covered="13"/><counter type="METHOD" missed="0" covered="11"/><counter type="CLASS" missed="0" covered="1"/></class><class name="com/buralotech/oss/ldapunit/DirectoryTesterException" sourcefilename="DirectoryTesterException.java"><method name="&lt;init&gt;" desc="()V" line="31"><counter type="INSTRUCTION" missed="3" covered="0"/><counter type="LINE" missed="2" covered="0"/><counter type="COMPLEXITY" missed="1" covered="0"/><counter type="METHOD" missed="1" covered="0"/></method><method name="&lt;init&gt;" desc="(Ljava/lang/String;)V" line="40"><counter type="INSTRUCTION" missed="4" covered="0"/><counter type="LINE" missed="2" covered="0"/><counter type="COMPLEXITY" missed="1" covered="0"/><counter type="METHOD" missed="1" covered="0"/></method><method name="&lt;init&gt;" desc="(Ljava/lang/Throwable;)V" line="49"><counter type="INSTRUCTION" missed="4" covered="0"/><counter type="LINE" missed="2" covered="0"/><counter type="COMPLEXITY" missed="1" covered="0"/><counter type="METHOD" missed="1" covered="0"/></method><method name="&lt;init&gt;" desc="(Ljava/lang/String;Ljava/lang/Throwable;)V" line="60"><counter type="INSTRUCTION" missed="0" covered="5"/><counter type="LINE" missed="0" covered="2"/><counter type="COMPLEXITY" missed="0" covered="1"/><counter type="METHOD" missed="0" covered="1"/></method><counter type="INSTRUCTION" missed="11" covered="5"/><counter type="LINE" missed="6" covered="2"/><counter type="COMPLEXITY" missed="3" covered="1"/><counter type="METHOD" missed="3" covered="1"/><counter type="CLASS" missed="0" covered="1"/></class><class name="com/buralotech/oss/ldapunit/DirectoryServerUtils" sourcefilename="DirectoryServerUtils.java"><method name="startServer" desc="(Lcom/buralotech/oss/ldapunit/DirectoryServerConfiguration;)Lcom/unboundid/ldap/listener/InMemoryDirectoryServer;" line="65"><counter type="INSTRUCTION" missed="0" covered="18"/><counter type="LINE" missed="0" covered="9"/><counter type="COMPLEXITY" missed="0" covered="1"/><counter type="METHOD" missed="0" covered="1"/></method><method name="startServer" desc="(ILjava/lang/String;[Ljava/lang/String;[Ljava/lang/String;Ljava/lang/String;Ljava/lang/String;[Ljava/lang/String;[Ljava/lang/String;)Lcom/unboundid/ldap/listener/InMemoryDirectoryServer;" line="102"><counter type="INSTRUCTION" missed="7" covered="123"/><counter type="BRANCH" missed="1" covered="5"/><counter type="LINE" missed="2" covered="20"/><counter type="COMPLEXITY" missed="1" covered="3"/><counter type="METHOD" missed="0" covered="1"/></method><method name="getInputStream" desc="(Ljava/lang/String;)Ljava/io/InputStream;" line="139"><counter type="INSTRUCTION" missed="7" covered="29"/><counter type="BRANCH" missed="3" covered="5"/><counter type="LINE" missed="4" covered="8"/><counter type="COMPLEXITY" missed="3" covered="2"/><counter type="METHOD" missed="0" covered="1"/></method><method name="loadSchema" desc="(Lcom/unboundid/ldap/listener/InMemoryDirectoryServerConfig;[Ljava/lang/String;)V" line="172"><counter type="INSTRUCTION" missed="0" covered="45"/><counter type="BRANCH" missed="1" covered="7"/><counter type="LINE" missed="0" covered="10"/><counter type="COMPLEXITY" missed="1" covered="4"/><counter type="METHOD" missed="0" covered="1"/></method><method name="loadData" desc="(Lcom/unboundid/ldap/listener/InMemoryDirectoryServer;Ljava/lang/String;)V" line="201"><counter type="INSTRUCTION" missed="0" covered="12"/><counter type="BRANCH" missed="1" covered="1"/><counter type="LINE" missed="0" covered="4"/><counter type="COMPLEXITY" missed="1" covered="1"/><counter type="METHOD" missed="0" covered="1"/></method><method name="loadData" desc="(Lcom/unboundid/ldap/sdk/LDAPConnection;Ljava/io/InputStream;)V" line="220"><counter type="INSTRUCTION" missed="0" covered="23"/><counter type="BRANCH" missed="0" covered="2"/><counter type="LINE" missed="0" covered="6"/><counter type="COMPLEXITY" missed="0" covered="2"/><counter type="METHOD" missed="0" covered="1"/></method><method name="stopServer" desc="(Lcom/unboundid/ldap/listener/InMemoryDirectoryServer;)V" line="235"><counter type="INSTRUCTION" missed="0" covered="4"/><counter type="LINE" missed="0" covered="2"/><counter type="COMPLEXITY" missed="0" covered="1"/><counter type="METHOD" missed="0" covered="1"/></method><counter type="INSTRUCTION" missed="14" covered="254"/><counter type="BRANCH" missed="6" covered="20"/><counter type="LINE" missed="6" covered="59"/><counter type="COMPLEXITY" missed="6" covered="14"/><counter type="METHOD" missed="0" covered="7"/><counter type="CLASS" missed="0" covered="1"/></class><class name="com/buralotech/oss/ldapunit/DirectoryServerStatement" sourcefilename="DirectoryServerStatement.java"><method name="&lt;init&gt;" desc="(Lorg/junit/runners/model/Statement;Lcom/buralotech/oss/ldapunit/DirectoryServerConfiguration;)V" line="47"><counter type="INSTRUCTION" missed="0" covered="9"/><counter type="LINE" missed="0" covered="4"/><counter type="COMPLEXITY" missed="0" covered="1"/><counter type="METHOD" missed="0" covered="1"/></method><method name="evaluate" desc="()V" line="61"><counter type="INSTRUCTION" missed="0" covered="10"/><counter type="LINE" missed="0" covered="3"/><counter type="COMPLEXITY" missed="0" covered="1"/><counter type="METHOD" missed="0" covered="1"/></method><counter type="INSTRUCTION" missed="0" covered="19"/><counter type="LINE" missed="0" covered="7"/><counter type="COMPLEXITY" missed="0" covered="2"/><counter type="METHOD" missed="0" covered="2"/><counter type="CLASS" missed="0" covered="1"/></class><sourcefile name="DirectoryTester.java"><line nr="59" mi="0" ci="2" mb="0" cb="0"/><line nr="60" mi="0" ci="3" mb="0" cb="0"/><line nr="61" mi="0" ci="1" mb="0" cb="0"/><line nr="70" mi="0" ci="4" mb="0" cb="0"/><line nr="71" mi="0" ci="1" mb="0" cb="0"/><line nr="82" mi="0" ci="6" mb="0" cb="0"/><line nr="83" mi="0" ci="1" mb="0" cb="0"/><line nr="101" mi="0" ci="5" mb="0" cb="0"/><line nr="102" mi="0" ci="4" mb="0" cb="0"/><line nr="103" mi="0" ci="3" mb="0" cb="0"/><line nr="104" mi="0" ci="2" mb="0" cb="0"/><line nr="106" mi="0" ci="2" mb="0" cb="0"/><line nr="108" mi="0" ci="6" mb="0" cb="0"/><line nr="109" mi="0" ci="1" mb="0" cb="0"/><line nr="110" mi="0" ci="1" mb="0" cb="0"/><line nr="111" mi="0" ci="4" mb="0" cb="2"/><line nr="112" mi="0" ci="6" mb="0" cb="0"/><line nr="114" mi="0" ci="4" mb="0" cb="0"/><line nr="115" mi="0" ci="5" mb="1" cb="1"/><line nr="117" mi="0" ci="5" mb="0" cb="0"/><line nr="118" mi="1" ci="0" mb="0" cb="0"/><line nr="119" mi="6" ci="0" mb="0" cb="0"/><line nr="120" mi="0" ci="1" mb="0" cb="0"/><line nr="124" mi="0" ci="1" mb="0" cb="0"/><line nr="125" mi="0" ci="1" mb="0" cb="0"/><line nr="141" mi="0" ci="8" mb="0" cb="0"/><line nr="142" mi="0" ci="1" mb="0" cb="0"/><line nr="164" mi="0" ci="6" mb="0" cb="0"/><line nr="166" mi="0" ci="6" mb="0" cb="0"/><line nr="167" mi="1" ci="0" mb="0" cb="0"/><line nr="168" mi="6" ci="0" mb="0" cb="0"/><line nr="169" mi="0" ci="1" mb="0" cb="0"/><line nr="170" mi="0" ci="1" mb="0" cb="0"/><line nr="180" mi="0" ci="5" mb="0" cb="0"/><line nr="181" mi="0" ci="6" mb="0" cb="2"/><line nr="182" mi="0" ci="1" mb="0" cb="0"/><line nr="183" mi="0" ci="6" mb="0" cb="0"/><line nr="198" mi="0" ci="11" mb="0" cb="0"/><line nr="199" mi="0" ci="5" mb="0" cb="2"/><line nr="200" mi="0" ci="5" mb="1" cb="1"/><line nr="201" mi="0" ci="7" mb="0" cb="2"/><line nr="202" mi="1" ci="0" mb="0" cb="0"/><line nr="203" mi="6" ci="0" mb="0" cb="0"/><line nr="218" mi="0" ci="11" mb="0" cb="0"/><line nr="219" mi="0" ci="10" mb="0" cb="4"/><line nr="220" mi="1" ci="0" mb="0" cb="0"/><line nr="221" mi="6" ci="0" mb="0" cb="0"/><line nr="239" mi="0" ci="11" mb="0" cb="0"/><line nr="240" mi="0" ci="6" mb="1" cb="3"/><line nr="241" mi="0" ci="6" mb="0" cb="0"/><line nr="242" mi="0" ci="8" mb="0" cb="0"/><line nr="243" mi="0" ci="4" mb="0" cb="2"/><line nr="244" mi="0" ci="4" mb="0" cb="0"/><line nr="245" mi="0" ci="3" mb="1" cb="1"/><line nr="246" mi="0" ci="2" mb="0" cb="0"/><line nr="250" mi="1" ci="0" mb="0" cb="0"/><line nr="251" mi="6" ci="0" mb="0" cb="0"/><line nr="252" mi="0" ci="1" mb="0" cb="0"/><line nr="253" mi="0" ci="2" mb="0" cb="0"/><line nr="262" mi="0" ci="4" mb="0" cb="2"/><line nr="263" mi="0" ci="5" mb="0" cb="0"/><line nr="264" mi="0" ci="4" mb="0" cb="0"/><line nr="265" mi="0" ci="4" mb="0" cb="0"/><line nr="266" mi="0" ci="5" mb="0" cb="0"/><line nr="268" mi="0" ci="1" mb="0" cb="0"/><line nr="278" mi="0" ci="5" mb="0" cb="2"/><line nr="279" mi="0" ci="5" mb="0" cb="0"/><line nr="280" mi="0" ci="4" mb="0" cb="0"/><line nr="281" mi="0" ci="4" mb="0" cb="0"/><line nr="282" mi="0" ci="4" mb="0" cb="0"/><line nr="283" mi="0" ci="5" mb="0" cb="0"/><line nr="285" mi="0" ci="1" mb="0" cb="0"/><line nr="295" mi="0" ci="5" mb="0" cb="2"/><line nr="296" mi="0" ci="5" mb="0" cb="0"/><line nr="297" mi="0" ci="4" mb="0" cb="0"/><line nr="298" mi="0" ci="4" mb="0" cb="0"/><line nr="299" mi="0" ci="4" mb="0" cb="0"/><line nr="300" mi="0" ci="5" mb="0" cb="0"/><line nr="302" mi="0" ci="1" mb="0" cb="0"/><line nr="315" mi="0" ci="6" mb="0" cb="2"/><line nr="316" mi="0" ci="5" mb="0" cb="0"/><line nr="317" mi="0" ci="4" mb="0" cb="0"/><line nr="318" mi="0" ci="4" mb="0" cb="0"/><line nr="319" mi="0" ci="4" mb="0" cb="0"/><line nr="320" mi="0" ci="4" mb="0" cb="0"/><line nr="321" mi="0" ci="6" mb="0" cb="0"/><line nr="322" mi="0" ci="5" mb="0" cb="0"/><line nr="324" mi="0" ci="1" mb="0" cb="0"/><line nr="330" mi="0" ci="3" mb="0" cb="0"/><line nr="331" mi="0" ci="1" mb="0" cb="0"/><line nr="339" mi="0" ci="2" mb="0" cb="0"/><line nr="340" mi="0" ci="1" mb="0" cb="0"/><line nr="351" mi="0" ci="16" mb="0" cb="2"/><line nr="352" mi="0" ci="4" mb="0" cb="2"/><line nr="353" mi="0" ci="2" mb="0" cb="0"/><line nr="356" mi="0" ci="2" mb="0" cb="0"/><line nr="366" mi="0" ci="5" mb="0" cb="0"/><line nr="367" mi="0" ci="3" mb="1" cb="1"/><line nr="368" mi="0" ci="6" mb="0" cb="0"/><line nr="369" mi="2" ci="6" mb="1" cb="1"/><line nr="370" mi="4" ci="0" mb="0" cb="0"/><line nr="371" mi="6" ci="0" mb="0" cb="0"/><line nr="374" mi="0" ci="4" mb="0" cb="0"/><line nr="375" mi="0" ci="3" mb="0" cb="0"/><counter type="INSTRUCTION" missed="47" covered="382"/><counter type="BRANCH" missed="6" covered="34"/><counter type="LINE" missed="12" covered="92"/><counter type="COMPLEXITY" missed="6" covered="32"/><counter type="METHOD" missed="0" covered="18"/><counter type="CLASS" missed="0" covered="1"/></sourcefile><sourcefile name="DirectoryServerRule.java"><line nr="31" mi="0" ci="3" mb="0" cb="0"/><line nr="50" mi="0" ci="6" mb="0" cb="0"/><line nr="51" mi="0" ci="3" mb="0" cb="2"/><line nr="52" mi="0" ci="3" mb="0" cb="0"/><line nr="53" mi="0" ci="6" mb="0" cb="0"/><line nr="55" mi="0" ci="3" mb="0" cb="2"/><line nr="56" mi="0" ci="7" mb="0" cb="0"/><line nr="58" mi="0" ci="2" mb="0" cb="0"/><line nr="69" mi="0" ci="5" mb="0" cb="0"/><line nr="70" mi="0" ci="6" mb="0" cb="0"/><line nr="85" mi="0" ci="5" mb="0" cb="0"/><line nr="86" mi="0" ci="7" mb="0" cb="0"/><line nr="101" mi="0" ci="5" mb="0" cb="0"/><line nr="102" mi="0" ci="7" mb="0" cb="0"/><line nr="120" mi="0" ci="5" mb="0" cb="0"/><line nr="121" mi="0" ci="8" mb="0" cb="0"/><line nr="132" mi="0" ci="5" mb="0" cb="0"/><line nr="133" mi="0" ci="3" mb="0" cb="0"/><line nr="135" mi="0" ci="1" mb="0" cb="0"/><line nr="146" mi="0" ci="5" mb="0" cb="0"/><line nr="147" mi="0" ci="4" mb="0" cb="0"/><line nr="149" mi="0" ci="1" mb="0" cb="0"/><line nr="160" mi="0" ci="5" mb="0" cb="0"/><line nr="161" mi="0" ci="4" mb="0" cb="0"/><line nr="163" mi="0" ci="1" mb="0" cb="0"/><line nr="177" mi="0" ci="5" mb="0" cb="0"/><line nr="178" mi="0" ci="5" mb="0" cb="0"/><line nr="180" mi="0" ci="1" mb="0" cb="0"/><line nr="189" mi="0" ci="12" mb="0" cb="0"/><line nr="190" mi="0" ci="2" mb="0" cb="0"/><counter type="INSTRUCTION" missed="0" covered="135"/><counter type="BRANCH" missed="0" covered="4"/><counter type="LINE" missed="0" covered="30"/><counter type="COMPLEXITY" missed="0" covered="13"/><counter type="METHOD" missed="0" covered="11"/><counter type="CLASS" missed="0" covered="1"/></sourcefile><sourcefile name="DirectoryServerConfiguration.java"/><sourcefile name="DirectoryServerUtils.java"><line nr="65" mi="0" ci="3" mb="0" cb="0"/><line nr="66" mi="0" ci="2" mb="0" cb="0"/><line nr="67" mi="0" ci="2" mb="0" cb="0"/><line nr="68" mi="0" ci="2" mb="0" cb="0"/><line nr="69" mi="0" ci="2" mb="0" cb="0"/><line nr="70" mi="0" ci="2" mb="0" cb="0"/><line nr="71" mi="0" ci="2" mb="0" cb="0"/><line nr="72" mi="0" ci="2" mb="0" cb="0"/><line nr="73" mi="0" ci="1" mb="0" cb="0"/><line nr="102" mi="0" ci="4" mb="0" cb="0"/><line nr="103" mi="0" ci="13" mb="0" cb="0"/><line nr="104" mi="0" ci="3" mb="0" cb="0"/><line nr="105" mi="0" ci="8" mb="0" cb="0"/><line nr="106" mi="0" ci="4" mb="0" cb="0"/><line nr="107" mi="0" ci="5" mb="0" cb="0"/><line nr="108" mi="0" ci="3" mb="0" cb="0"/><line nr="109" mi="0" ci="5" mb="0" cb="0"/><line nr="110" mi="0" ci="7" mb="0" cb="2"/><line nr="111" mi="0" ci="6" mb="0" cb="0"/><line nr="114" mi="0" ci="3" mb="1" cb="1"/><line nr="115" mi="4" ci="0" mb="0" cb="0"/><line nr="116" mi="3" ci="0" mb="0" cb="0"/><line nr="118" mi="0" ci="7" mb="0" cb="0"/><line nr="119" mi="0" ci="8" mb="0" cb="0"/><line nr="121" mi="0" ci="8" mb="0" cb="0"/><line nr="123" mi="0" ci="8" mb="0" cb="0"/><line nr="124" mi="0" ci="8" mb="0" cb="0"/><line nr="125" mi="0" ci="2" mb="0" cb="0"/><line nr="126" mi="0" ci="16" mb="0" cb="2"/><line nr="127" mi="0" ci="3" mb="0" cb="0"/><line nr="129" mi="0" ci="2" mb="0" cb="0"/><line nr="139" mi="0" ci="5" mb="2" cb="2"/><line nr="140" mi="2" ci="0" mb="0" cb="0"/><line nr="142" mi="0" ci="3" mb="0" cb="0"/><line nr="143" mi="0" ci="4" mb="0" cb="0"/><line nr="144" mi="0" ci="2" mb="0" cb="2"/><line nr="145" mi="0" ci="5" mb="0" cb="0"/><line nr="146" mi="0" ci="3" mb="1" cb="1"/><line nr="148" mi="0" ci="5" mb="0" cb="0"/><line nr="149" mi="1" ci="0" mb="0" cb="0"/><line nr="150" mi="2" ci="0" mb="0" cb="0"/><line nr="153" mi="2" ci="0" mb="0" cb="0"/><line nr="156" mi="0" ci="2" mb="0" cb="0"/><line nr="172" mi="0" ci="3" mb="0" cb="2"/><line nr="173" mi="0" ci="4" mb="0" cb="0"/><line nr="174" mi="0" ci="8" mb="0" cb="2"/><line nr="175" mi="0" ci="6" mb="0" cb="2"/><line nr="176" mi="0" ci="5" mb="0" cb="0"/><line nr="178" mi="0" ci="7" mb="0" cb="0"/><line nr="179" mi="0" ci="2" mb="1" cb="1"/><line nr="180" mi="0" ci="5" mb="0" cb="0"/><line nr="185" mi="0" ci="4" mb="0" cb="0"/><line nr="187" mi="0" ci="1" mb="0" cb="0"/><line nr="201" mi="0" ci="5" mb="0" cb="0"/><line nr="202" mi="0" ci="2" mb="1" cb="1"/><line nr="203" mi="0" ci="4" mb="0" cb="0"/><line nr="206" mi="0" ci="1" mb="0" cb="0"/><line nr="220" mi="0" ci="7" mb="0" cb="0"/><line nr="221" mi="0" ci="4" mb="0" cb="0"/><line nr="222" mi="0" ci="2" mb="0" cb="2"/><line nr="223" mi="0" ci="4" mb="0" cb="0"/><line nr="224" mi="0" ci="5" mb="0" cb="0"/><line nr="227" mi="0" ci="1" mb="0" cb="0"/><line nr="235" mi="0" ci="3" mb="0" cb="0"/><line nr="236" mi="0" ci="1" mb="0" cb="0"/><counter type="INSTRUCTION" missed="14" covered="254"/><counter type="BRANCH" missed="6" covered="20"/><counter type="LINE" missed="6" covered="59"/><counter type="COMPLEXITY" missed="6" covered="14"/><counter type="METHOD" missed="0" covered="7"/><counter type="CLASS" missed="0" covered="1"/></sourcefile><sourcefile name="DirectoryServerExtension.java"><line nr="40" mi="0" ci="3" mb="0" cb="0"/><line nr="56" mi="0" ci="4" mb="0" cb="0"/><line nr="57" mi="0" ci="2" mb="1" cb="1"/><line nr="59" mi="0" ci="3" mb="0" cb="0"/><line nr="60" mi="0" ci="6" mb="0" cb="0"/><line nr="61" mi="1" ci="0" mb="0" cb="0"/><line nr="62" mi="6" ci="0" mb="0" cb="0"/><line nr="63" mi="0" ci="1" mb="0" cb="0"/><line nr="65" mi="0" ci="1" mb="0" cb="0"/><line nr="75" mi="0" ci="4" mb="0" cb="0"/><line nr="76" mi="0" ci="6" mb="0" cb="0"/><line nr="77" mi="0" ci="2" mb="1" cb="1"/><line nr="78" mi="0" ci="2" mb="0" cb="0"/><line nr="80" mi="0" ci="1" mb="0" cb="0"/><line nr="89" mi="0" ci="11" mb="0" cb="0"/><line nr="91" mi="0" ci="2" mb="0" cb="0"/><line nr="92" mi="0" ci="4" mb="0" cb="0"/><line nr="103" mi="0" ci="3" mb="0" cb="0"/><line nr="104" mi="0" ci="3" mb="0" cb="0"/><line nr="105" mi="0" ci="2" mb="0" cb="2"/><line nr="106" mi="0" ci="6" mb="0" cb="0"/><line nr="108" mi="0" ci="2" mb="0" cb="0"/><line nr="124" mi="0" ci="6" mb="0" cb="0"/><line nr="140" mi="0" ci="8" mb="0" cb="0"/><line nr="141" mi="0" ci="2" mb="1" cb="1"/><line nr="143" mi="0" ci="6" mb="0" cb="0"/><line nr="144" mi="1" ci="0" mb="0" cb="0"/><line nr="145" mi="6" ci="0" mb="0" cb="0"/><line nr="148" mi="2" ci="0" mb="0" cb="0"/><counter type="INSTRUCTION" missed="16" covered="90"/><counter type="BRANCH" missed="3" covered="5"/><counter type="LINE" missed="5" covered="24"/><counter type="COMPLEXITY" missed="3" covered="8"/><counter type="METHOD" missed="0" covered="7"/><counter type="CLASS" missed="0" covered="1"/></sourcefile><sourcefile name="DirectoryServerStatement.java"><line nr="47" mi="0" ci="2" mb="0" cb="0"/><line nr="48" mi="0" ci="3" mb="0" cb="0"/><line nr="49" mi="0" ci="3" mb="0" cb="0"/><line nr="50" mi="0" ci="1" mb="0" cb="0"/><line nr="61" mi="0" ci="6" mb="0" cb="0"/><line nr="62" mi="0" ci="3" mb="0" cb="0"/><line nr="64" mi="0" ci="1" mb="0" cb="0"/><counter type="INSTRUCTION" missed="0" covered="19"/><counter type="LINE" missed="0" covered="7"/><counter type="COMPLEXITY" missed="0" covered="2"/><counter type="METHOD" missed="0" covered="2"/><counter type="CLASS" missed="0" covered="1"/></sourcefile><sourcefile name="DirectoryTesterException.java"><line nr="31" mi="2" ci="0" mb="0" cb="0"/><line nr="32" mi="1" ci="0" mb="0" cb="0"/><line nr="40" mi="3" ci="0" mb="0" cb="0"/><line nr="41" mi="1" ci="0" mb="0" cb="0"/><line nr="49" mi="3" ci="0" mb="0" cb="0"/><line nr="50" mi="1" ci="0" mb="0" cb="0"/><line nr="60" mi="0" ci="4" mb="0" cb="0"/><line nr="61" mi="0" ci="1" mb="0" cb="0"/><counter type="INSTRUCTION" missed="11" covered="5"/><counter type="LINE" missed="6" covered="2"/><counter type="COMPLEXITY" missed="3" covered="1"/><counter type="METHOD" missed="3" covered="1"/><counter type="CLASS" missed="0" covered="1"/></sourcefile><counter type="INSTRUCTION" missed="88" covered="885"/><counter type="BRANCH" missed="15" covered="63"/><counter type="LINE" missed="29" covered="214"/><counter type="COMPLEXITY" missed="18" covered="70"/><counter type="METHOD" missed="3" covered="46"/><counter type="CLASS" missed="0" covered="6"/></package><counter type="INSTRUCTION" missed="88" covered="885"/><counter type="BRANCH" missed="15" covered="63"/><counter type="LINE" missed="29" covered="214"/><counter type="COMPLEXITY" missed="18" covered="70"/><counter type="METHOD" missed="3" covered="46"/><counter type="CLASS" missed="0" covered="6"/></report>